{"/home/vinialb/albuquerque/pessoal/react-unit-testing/src/components/List.tsx": {"path":"/home/vinialb/albuquerque/pessoal/react-unit-testing/src/components/List.tsx","all":false,"statementMap":{"0":{"start":{"line":1,"column":0},"end":{"line":1,"column":42}},"1":{"start":{"line":2,"column":0},"end":{"line":2,"column":0}},"2":{"start":{"line":3,"column":0},"end":{"line":3,"column":21}},"3":{"start":{"line":4,"column":0},"end":{"line":4,"column":18}},"4":{"start":{"line":5,"column":0},"end":{"line":5,"column":1}},"5":{"start":{"line":6,"column":0},"end":{"line":6,"column":0}},"6":{"start":{"line":7,"column":0},"end":{"line":7,"column":44}},"7":{"start":{"line":8,"column":0},"end":{"line":8,"column":50}},"8":{"start":{"line":9,"column":0},"end":{"line":9,"column":46}},"9":{"start":{"line":10,"column":0},"end":{"line":10,"column":0}},"10":{"start":{"line":11,"column":0},"end":{"line":11,"column":21}},"11":{"start":{"line":12,"column":0},"end":{"line":12,"column":21}},"12":{"start":{"line":13,"column":0},"end":{"line":13,"column":14}},"13":{"start":{"line":14,"column":0},"end":{"line":14,"column":0}},"14":{"start":{"line":15,"column":0},"end":{"line":15,"column":26}},"15":{"start":{"line":16,"column":0},"end":{"line":16,"column":26}},"16":{"start":{"line":17,"column":0},"end":{"line":17,"column":47}},"17":{"start":{"line":18,"column":0},"end":{"line":18,"column":15}},"18":{"start":{"line":19,"column":0},"end":{"line":19,"column":5}},"19":{"start":{"line":20,"column":0},"end":{"line":20,"column":0}},"20":{"start":{"line":21,"column":0},"end":{"line":21,"column":47}},"21":{"start":{"line":22,"column":0},"end":{"line":22,"column":26}},"22":{"start":{"line":23,"column":0},"end":{"line":23,"column":67}},"23":{"start":{"line":24,"column":0},"end":{"line":24,"column":15}},"24":{"start":{"line":25,"column":0},"end":{"line":25,"column":5}},"25":{"start":{"line":26,"column":0},"end":{"line":26,"column":0}},"26":{"start":{"line":27,"column":0},"end":{"line":27,"column":12}},"27":{"start":{"line":28,"column":0},"end":{"line":28,"column":10}},"28":{"start":{"line":29,"column":0},"end":{"line":29,"column":18}},"29":{"start":{"line":30,"column":0},"end":{"line":30,"column":27}},"30":{"start":{"line":31,"column":0},"end":{"line":31,"column":38}},"31":{"start":{"line":32,"column":0},"end":{"line":32,"column":31}},"32":{"start":{"line":33,"column":0},"end":{"line":33,"column":58}},"33":{"start":{"line":34,"column":0},"end":{"line":34,"column":14}},"34":{"start":{"line":35,"column":0},"end":{"line":35,"column":60}},"35":{"start":{"line":36,"column":0},"end":{"line":36,"column":13}},"36":{"start":{"line":37,"column":0},"end":{"line":37,"column":36}},"37":{"start":{"line":38,"column":0},"end":{"line":38,"column":35}},"38":{"start":{"line":39,"column":0},"end":{"line":39,"column":30}},"39":{"start":{"line":40,"column":0},"end":{"line":40,"column":84}},"40":{"start":{"line":41,"column":0},"end":{"line":41,"column":25}},"41":{"start":{"line":42,"column":0},"end":{"line":42,"column":18}},"42":{"start":{"line":43,"column":0},"end":{"line":43,"column":13}},"43":{"start":{"line":44,"column":0},"end":{"line":44,"column":11}},"44":{"start":{"line":45,"column":0},"end":{"line":45,"column":5}},"45":{"start":{"line":46,"column":0},"end":{"line":46,"column":1}}},"s":{"0":1,"1":1,"2":1,"3":1,"4":1,"5":1,"6":1,"7":13,"8":13,"9":13,"10":13,"11":4,"12":13,"13":13,"14":13,"15":1,"16":1,"17":1,"18":1,"19":13,"20":13,"21":1,"22":1,"23":1,"24":1,"25":13,"26":13,"27":13,"28":13,"29":13,"30":13,"31":13,"32":13,"33":13,"34":13,"35":13,"36":13,"37":9,"38":13,"39":13,"40":13,"41":13,"42":13,"43":13,"44":13,"45":13},"branchMap":{"0":{"type":"branch","line":7,"loc":{"start":{"line":7,"column":20},"end":{"line":46,"column":1}},"locations":[{"start":{"line":7,"column":20},"end":{"line":46,"column":1}}]},"1":{"type":"branch","line":11,"loc":{"start":{"line":11,"column":14},"end":{"line":13,"column":7}},"locations":[{"start":{"line":11,"column":14},"end":{"line":13,"column":7}}]},"2":{"type":"branch","line":15,"loc":{"start":{"line":15,"column":4},"end":{"line":19,"column":5}},"locations":[{"start":{"line":15,"column":4},"end":{"line":19,"column":5}}]},"3":{"type":"branch","line":16,"loc":{"start":{"line":16,"column":19},"end":{"line":18,"column":11}},"locations":[{"start":{"line":16,"column":19},"end":{"line":18,"column":11}}]},"4":{"type":"branch","line":17,"loc":{"start":{"line":17,"column":20},"end":{"line":17,"column":47}},"locations":[{"start":{"line":17,"column":20},"end":{"line":17,"column":47}}]},"5":{"type":"branch","line":21,"loc":{"start":{"line":21,"column":4},"end":{"line":25,"column":5}},"locations":[{"start":{"line":21,"column":4},"end":{"line":25,"column":5}}]},"6":{"type":"branch","line":22,"loc":{"start":{"line":22,"column":19},"end":{"line":24,"column":11}},"locations":[{"start":{"line":22,"column":19},"end":{"line":24,"column":11}}]},"7":{"type":"branch","line":23,"loc":{"start":{"line":23,"column":20},"end":{"line":23,"column":67}},"locations":[{"start":{"line":23,"column":20},"end":{"line":23,"column":67}}]},"8":{"type":"branch","line":23,"loc":{"start":{"line":23,"column":40},"end":{"line":23,"column":67}},"locations":[{"start":{"line":23,"column":40},"end":{"line":23,"column":67}}]},"9":{"type":"branch","line":33,"loc":{"start":{"line":33,"column":26},"end":{"line":33,"column":58}},"locations":[{"start":{"line":33,"column":26},"end":{"line":33,"column":58}}]},"10":{"type":"branch","line":37,"loc":{"start":{"line":37,"column":25},"end":{"line":38,"column":35}},"locations":[{"start":{"line":37,"column":25},"end":{"line":38,"column":35}}]},"11":{"type":"branch","line":40,"loc":{"start":{"line":40,"column":41},"end":{"line":40,"column":69}},"locations":[{"start":{"line":40,"column":41},"end":{"line":40,"column":69}}]}},"b":{"0":[13],"1":[4],"2":[1],"3":[1],"4":[1],"5":[1],"6":[1],"7":[1],"8":[1],"9":[3],"10":[9],"11":[1]},"fnMap":{"0":{"name":"List","decl":{"start":{"line":7,"column":20},"end":{"line":46,"column":1}},"loc":{"start":{"line":7,"column":20},"end":{"line":46,"column":1}},"line":7},"1":{"name":"addToList","decl":{"start":{"line":15,"column":4},"end":{"line":19,"column":5}},"loc":{"start":{"line":15,"column":4},"end":{"line":19,"column":5}},"line":15},"2":{"name":"removeFromList","decl":{"start":{"line":21,"column":4},"end":{"line":25,"column":5}},"loc":{"start":{"line":21,"column":4},"end":{"line":25,"column":5}},"line":21},"3":{"name":"onChange","decl":{"start":{"line":33,"column":26},"end":{"line":33,"column":58}},"loc":{"start":{"line":33,"column":26},"end":{"line":33,"column":58}},"line":33},"4":{"name":"onClick","decl":{"start":{"line":40,"column":41},"end":{"line":40,"column":69}},"loc":{"start":{"line":40,"column":41},"end":{"line":40,"column":69}},"line":40}},"f":{"0":13,"1":1,"2":1,"3":3,"4":1}}
}
