TN:
SF:src/components/List.tsx
FN:7,List
FN:15,addToList
FN:21,removeFromList
FN:33,onChange
FN:40,onClick
FNF:5
FNH:5
FNDA:13,List
FNDA:1,addToList
FNDA:1,removeFromList
FNDA:3,onChange
FNDA:1,onClick
DA:1,1
DA:2,1
DA:3,1
DA:4,1
DA:5,1
DA:6,1
DA:7,1
DA:8,13
DA:9,13
DA:10,13
DA:11,13
DA:12,4
DA:13,13
DA:14,13
DA:15,13
DA:16,1
DA:17,1
DA:18,1
DA:19,1
DA:20,13
DA:21,13
DA:22,1
DA:23,1
DA:24,1
DA:25,1
DA:26,13
DA:27,13
DA:28,13
DA:29,13
DA:30,13
DA:31,13
DA:32,13
DA:33,13
DA:34,13
DA:35,13
DA:36,13
DA:37,13
DA:38,9
DA:39,13
DA:40,13
DA:41,13
DA:42,13
DA:43,13
DA:44,13
DA:45,13
DA:46,13
LF:46
LH:46
BRDA:7,0,0,13
BRDA:11,1,0,4
BRDA:15,2,0,1
BRDA:16,3,0,1
BRDA:17,4,0,1
BRDA:21,5,0,1
BRDA:22,6,0,1
BRDA:23,7,0,1
BRDA:23,8,0,1
BRDA:33,9,0,3
BRDA:37,10,0,9
BRDA:40,11,0,1
BRF:12
BRH:12
end_of_record
